[debug] [2023-12-05T13:15:04.172Z] ----------------------------------------------------------------------
[debug] [2023-12-05T13:15:04.174Z] Command:       /usr/local/bin/node /usr/local/bin/firebase init
[debug] [2023-12-05T13:15:04.174Z] CLI Version:   12.9.1
[debug] [2023-12-05T13:15:04.174Z] Platform:      linux
[debug] [2023-12-05T13:15:04.174Z] Node Version:  v20.10.0
[debug] [2023-12-05T13:15:04.174Z] Time:          Tue Dec 05 2023 18:45:04 GMT+0530 (India Standard Time)
[debug] [2023-12-05T13:15:04.174Z] ----------------------------------------------------------------------
[debug] 
[debug] [2023-12-05T13:15:04.178Z] > command requires scopes: ["email","openid","https://www.googleapis.com/auth/cloudplatformprojects.readonly","https://www.googleapis.com/auth/firebase","https://www.googleapis.com/auth/cloud-platform"]
[debug] [2023-12-05T13:15:04.179Z] > authorizing via signed-in user (prajapatinachiket014@gmail.com)
[info] 
     ######## #### ########  ######## ########     ###     ######  ########
     ##        ##  ##     ## ##       ##     ##  ##   ##  ##       ##
     ######    ##  ########  ######   ########  #########  ######  ######
     ##        ##  ##    ##  ##       ##     ## ##     ##       ## ##
     ##       #### ##     ## ######## ########  ##     ##  ######  ########

You're about to initialize a Firebase project in this directory:

  /home/nachiket_prajapati/Desktop/NewRepository/Portfolio_Website

[info] 
=== Project Setup
[info] 
[info] First, let's associate this project directory with a Firebase project.
[info] You can create multiple project aliases by running firebase use --add, 
[info] but for now we'll just set up a default project.
[info] 
[debug] [2023-12-05T13:15:21.777Z] >>> [apiv2][query] GET https://firebase.googleapis.com/v1beta1/projects pageSize=100
[debug] [2023-12-05T13:15:22.875Z] <<< [apiv2][status] GET https://firebase.googleapis.com/v1beta1/projects 200
[debug] [2023-12-05T13:15:22.875Z] <<< [apiv2][body] GET https://firebase.googleapis.com/v1beta1/projects [omitted]
[info] i  Using project nachiket-portfolio (Nachiket-Portfolio) 
[info] 
=== Hosting Setup
[debug] [2023-12-05T13:15:25.822Z] >>> [apiv2][query] GET https://firebase.googleapis.com/v1beta1/projects/nachiket-portfolio [none]
[debug] [2023-12-05T13:15:26.202Z] <<< [apiv2][status] GET https://firebase.googleapis.com/v1beta1/projects/nachiket-portfolio 200
[debug] [2023-12-05T13:15:26.203Z] <<< [apiv2][body] GET https://firebase.googleapis.com/v1beta1/projects/nachiket-portfolio {"projectId":"nachiket-portfolio","projectNumber":"468238187268","displayName":"Nachiket-Portfolio","name":"projects/nachiket-portfolio","resources":{"hostingSite":"nachiket-portfolio"},"state":"ACTIVE","etag":"1_2166b45d-8e41-4e9f-87c1-22c8594282c5"}
[info] 
[info] Your public directory is the folder (relative to your project directory) that
[info] will contain Hosting assets to be uploaded with firebase deploy. If you
[info] have a build process for your assets, use your build's output directory.
[info] 
[info] ✔  Wrote public/404.html 
[debug] [2023-12-05T13:16:14.265Z] >>> [apiv2][query] GET https://www.gstatic.com/firebasejs/releases.json [none]
[debug] [2023-12-05T13:16:14.531Z] <<< [apiv2][status] GET https://www.gstatic.com/firebasejs/releases.json 200
[debug] [2023-12-05T13:16:14.531Z] <<< [apiv2][body] GET https://www.gstatic.com/firebasejs/releases.json {"current":{"version":"10.7.0","browserURL":"https://www.gstatic.com/firebasejs/10.7.0/firebase.js","packageURL":"https://www.gstatic.com/firebasejs/10.7.0/firebase.tgz"},"live":{"version":"10.7","browserURL":"https://www.gstatic.com/firebasejs/live/10.7/firebase.js","packageURL":"https://www.gstatic.com/firebasejs/live/10.7/firebase.tgz"},"components":{"analytics":"https://www.gstatic.com/firebasejs/10.7.0/firebase-analytics.js","app":"https://www.gstatic.com/firebasejs/10.7.0/firebase-app.js","app-check":"https://www.gstatic.com/firebasejs/10.7.0/firebase-app-check.js","auth":"https://www.gstatic.com/firebasejs/10.7.0/firebase-auth.js","auth/cordova":"https://www.gstatic.com/firebasejs/10.7.0/firebase-auth/cordova.js","functions":"https://www.gstatic.com/firebasejs/10.7.0/firebase-functions.js","firestore":"https://www.gstatic.com/firebasejs/10.7.0/firebase-firestore.js","firestore/lite":"https://www.gstatic.com/firebasejs/10.7.0/firebase-firestore/lite.js","installations":"https://www.gstatic.com/firebasejs/10.7.0/firebase-installations.js","storage":"https://www.gstatic.com/firebasejs/10.7.0/firebase-storage.js","performance":"https://www.gstatic.com/firebasejs/10.7.0/firebase-performance.js","remote-config":"https://www.gstatic.com/firebasejs/10.7.0/firebase-remote-config.js","messaging":"https://www.gstatic.com/firebasejs/10.7.0/firebase-messaging.js","messaging/sw":"https://www.gstatic.com/firebasejs/10.7.0/firebase-messaging/sw.js","database":"https://www.gstatic.com/firebasejs/10.7.0/firebase-database.js","firestore.memory":"https://www.gstatic.com/firebasejs/10.7.0/firebase-firestore.memory.js"}}
[info] ✔  Wrote public/index.html 
[info] 
[info] i  Writing configuration info to firebase.json... 
[info] i  Writing project information to .firebaserc... 
[info] 
[info] ✔  Firebase initialization complete! 
